2025-06-29 00:00:02 - No changes detected in data/game-rankings.json
2025-06-30 00:00:01 - No changes detected in data/game-rankings.json
2025-07-01 00:00:01 - No changes detected in data/game-rankings.json
2025-07-02 00:00:02 - No changes detected in data/game-rankings.json
2025-07-03 00:00:01 - Committing changes to data/game-rankings.json
[master 501b8ee] Update game rankings data - 2025-07-03 00:00:01
 1 file changed, 268 insertions(+), 12 deletions(-)
2025-07-03 00:00:02 - Pushing changes to origin master
To https://github.com/prayansh1996/random.git
   4550ec4..501b8ee  master -> master
2025-07-03 00:00:03 - Successfully synced rankings data to repository
2025-07-04 00:00:02 - Committing changes to data/game-rankings.json
[master 4802310] Update game rankings data - 2025-07-04 00:00:01
 1 file changed, 194 insertions(+)
2025-07-04 00:00:02 - Pushing changes to origin master
To https://github.com/prayansh1996/random.git
   6952fb7..4802310  master -> master
2025-07-04 00:00:03 - Successfully synced rankings data to repository
2025-07-05 00:00:02 - No changes detected in data/game-rankings.json
2025-07-06 00:00:02 - No changes detected in data/game-rankings.json
2025-07-07 00:00:02 - No changes detected in data/game-rankings.json
2025-07-08 00:00:01 - Committing changes to data/game-rankings.json
[master a70a918] Update game rankings data - 2025-07-08 00:00:01
 1 file changed, 65 insertions(+)
2025-07-08 00:00:01 - Pushing changes to origin master
To https://github.com/prayansh1996/random.git
   4802310..a70a918  master -> master
2025-07-08 00:00:03 - Successfully synced rankings data to repository
2025-07-09 00:00:01 - Committing changes to data/game-rankings.json
[master 33d4206] Update game rankings data - 2025-07-09 00:00:01
 1 file changed, 221 insertions(+), 1 deletion(-)
2025-07-09 00:00:01 - Pushing changes to origin master
To https://github.com/prayansh1996/random.git
   a70a918..33d4206  master -> master
2025-07-09 00:00:03 - Successfully synced rankings data to repository
2025-07-10 00:00:01 - Committing changes to data/game-rankings.json
[master 35836b4] Update game rankings data - 2025-07-10 00:00:01
 1 file changed, 110 insertions(+)
2025-07-10 00:00:01 - Pushing changes to origin master
To https://github.com/prayansh1996/random.git
   33d4206..35836b4  master -> master
2025-07-10 00:00:03 - Successfully synced rankings data to repository
2025-07-11 00:00:01 - No changes detected in data/game-rankings.json
2025-07-12 00:00:01 - No changes detected in data/game-rankings.json
2025-07-13 00:00:01 - No changes detected in data/game-rankings.json
2025-07-14 00:00:01 - No changes detected in data/game-rankings.json
2025-07-15 00:00:01 - Committing changes to data/game-rankings.json
[master b768c3d] Update game rankings data - 2025-07-15 00:00:01
 1 file changed, 200 insertions(+)
2025-07-15 00:00:01 - Pushing changes to origin master
To https://github.com/prayansh1996/random.git
   35836b4..b768c3d  master -> master
2025-07-15 00:00:03 - Successfully synced rankings data to repository
2025-07-16 00:00:01 - No changes detected in data/game-rankings.json
2025-07-17 00:00:01 - Committing changes to data/game-rankings.json
[master 083c060] Update game rankings data - 2025-07-17 00:00:01
 1 file changed, 139 insertions(+)
2025-07-17 00:00:01 - Pushing changes to origin master
To https://github.com/prayansh1996/random.git
   b768c3d..083c060  master -> master
2025-07-17 00:00:03 - Successfully synced rankings data to repository
2025-07-18 00:00:01 - No changes detected in data/game-rankings.json
2025-07-19 00:00:01 - No changes detected in data/game-rankings.json
2025-07-20 00:00:01 - No changes detected in data/game-rankings.json
2025-07-21 00:00:01 - Committing changes to data/game-rankings.json
[master 57aa075] Update game rankings data - 2025-07-21 00:00:01
 1 file changed, 216 insertions(+)
2025-07-21 00:00:02 - Pushing changes to origin master
To https://github.com/prayansh1996/random.git
   083c060..57aa075  master -> master
2025-07-21 00:00:03 - Successfully synced rankings data to repository
2025-07-22 00:00:01 - No changes detected in data/game-rankings.json
2025-07-23 00:00:01 - No changes detected in data/game-rankings.json
2025-07-24 00:00:01 - Committing changes to data/game-rankings.json
[master db1583c] Update game rankings data - 2025-07-24 00:00:01
 1 file changed, 171 insertions(+)
2025-07-24 00:00:01 - Pushing changes to origin master
To https://github.com/prayansh1996/random.git
   57aa075..db1583c  master -> master
2025-07-24 00:00:03 - Successfully synced rankings data to repository
2025-07-25 00:00:01 - No changes detected in data/game-rankings.json
2025-07-26 00:00:01 - No changes detected in data/game-rankings.json
2025-07-27 00:00:01 - Committing changes to data/game-rankings.json
[master 5fbbe1d] Update game rankings data - 2025-07-27 00:00:01
 1 file changed, 147 insertions(+)
2025-07-27 00:00:01 - Pushing changes to origin master
To https://github.com/prayansh1996/random.git
   db1583c..5fbbe1d  master -> master
2025-07-27 00:00:03 - Successfully synced rankings data to repository
2025-07-28 00:00:01 - No changes detected in data/game-rankings.json
2025-07-29 00:00:01 - No changes detected in data/game-rankings.json
2025-07-30 00:00:01 - No changes detected in data/game-rankings.json
2025-07-31 00:00:01 - Committing changes to data/game-rankings.json
[master 36fce39] Update game rankings data - 2025-07-31 00:00:01
 1 file changed, 216 insertions(+)
2025-07-31 00:00:01 - Pushing changes to origin master
To https://github.com/prayansh1996/random.git
   5fbbe1d..36fce39  master -> master
2025-07-31 00:00:03 - Successfully synced rankings data to repository
2025-08-01 00:00:01 - No changes detected in data/game-rankings.json
